2024-02-28 01:33:00,512 - INFO - Starting hosting open hours reminder script
2024-02-28 01:33:01,229 - WARNING - PyNaCl is not installed, voice will NOT be supported
2024-02-28 01:33:01,229 - INFO - logging in using static token
2024-02-28 01:33:02,817 - INFO - Contact not found, sending discord message
2024-02-28 01:33:02,817 - INFO - logging in using static token
2024-02-28 01:33:03,389 - INFO - Shard ID None has connected to Gateway (Session ID: e990a9b43a2cb39e70593d8a5f25094d).
2024-02-28 01:33:05,580 - ERROR - Unclosed client session
client_session: <aiohttp.client.ClientSession object at 0x7fc6b62ec590>
2024-02-28 01:33:05,580 - ERROR - Unclosed connector
connections: ['[(<aiohttp.client_proto.ResponseHandler object at 0x7fc6b62be810>, 164.044235546)]']
connector: <aiohttp.connector.TCPConnector object at 0x7fc6b62ed0d0>
2024-02-29 23:03:38,326 - INFO - Starting hosting open hours reminder script
2024-02-29 23:03:38,775 - WARNING - PyNaCl is not installed, voice will NOT be supported
2024-02-29 23:03:38,775 - INFO - logging in using static token
2024-02-29 23:03:40,587 - INFO - Contact not found, sending discord message to 188116590879965185
2024-02-29 23:03:40,588 - INFO - logging in using static token
2024-02-29 23:03:41,249 - INFO - Shard ID None has connected to Gateway (Session ID: aea8ede76b2bc50ba0209ba80edbc167).
2024-02-29 23:03:43,574 - ERROR - Unclosed client session
client_session: <aiohttp.client.ClientSession object at 0x7f71ea849220>
2024-02-29 23:03:43,575 - ERROR - Unclosed connector
connections: ['[(<aiohttp.client_proto.ResponseHandler object at 0x7f71ea81a8d0>, 45.432910735)]']
connector: <aiohttp.connector.TCPConnector object at 0x7f71ea848710>
2024-03-02 18:07:04,206 - INFO - Starting hosting open hours reminder script
2024-03-02 18:07:05,348 - WARNING - PyNaCl is not installed, voice will NOT be supported
2024-03-02 18:07:05,348 - INFO - logging in using static token
2024-03-02 18:07:07,370 - INFO - Contact not found, sending discord message to 1018394203904020540
2024-03-02 18:07:07,371 - INFO - logging in using static token
2024-03-02 18:07:07,961 - INFO - Shard ID None has connected to Gateway (Session ID: 7d83dc437522e2513f4fee73af593bc0).
2024-03-02 18:07:10,263 - ERROR - Unclosed client session
client_session: <aiohttp.client.ClientSession object at 0x7f4a3be35310>
2024-03-02 18:07:10,263 - ERROR - Unclosed connector
connections: ['[(<aiohttp.client_proto.ResponseHandler object at 0x7f4a3be06810>, 149.94660368)]']
connector: <aiohttp.connector.TCPConnector object at 0x7f4a3be353d0>
2024-03-03 20:06:16,464 - INFO - Starting hosting open hours reminder script
2024-03-03 20:06:17,138 - WARNING - PyNaCl is not installed, voice will NOT be supported
2024-03-03 20:06:17,138 - INFO - logging in using static token
2024-03-03 20:06:19,390 - INFO - Contact not found, sending discord message to 532070816406569005
2024-03-03 20:06:19,391 - INFO - logging in using static token
2024-03-03 20:06:20,150 - INFO - Shard ID None has connected to Gateway (Session ID: 2c5da3aaa3eb16ff5b6fd60c24c25c08).
2024-03-03 20:06:23,063 - ERROR - Unclosed client session
client_session: <aiohttp.client.ClientSession object at 0x7f62fadfc200>
2024-03-03 20:06:23,063 - ERROR - Unclosed connector
connections: ['[(<aiohttp.client_proto.ResponseHandler object at 0x7f62fa41a8d0>, 151.279591459)]']
connector: <aiohttp.connector.TCPConnector object at 0x7f62fb0a4e90>
2024-03-05 23:04:15,519 - INFO - Starting hosting open hours reminder script
2024-03-05 23:04:16,244 - WARNING - PyNaCl is not installed, voice will NOT be supported
2024-03-05 23:04:16,244 - INFO - logging in using static token
2024-03-05 23:04:16,745 - INFO - Shard ID None has connected to Gateway (Session ID: 7c93017d0a5a09770be5072e096e6c17).
2024-03-05 23:04:19,225 - ERROR - Unclosed connector
connections: ['[(<aiohttp.client_proto.ResponseHandler object at 0x7f66eec019d0>, 247.783446415)]']
connector: <aiohttp.connector.TCPConnector object at 0x7f66eebb9a60>
